=== Order book server run (duration=15.0s, target_price=100.00) ===

Running for 15.0s (target $100.00, ~5 orders/s per side)

[t=   0.20s] ORDER  BUY id=B000001 qty=41 @ $100.06 -> accepted (filled=0)
[t=   0.20s] ORDER  BUY id=B000002 qty=38 @ $100.05 -> accepted (filled=0)
[t=   0.20s] ORDER  BUY id=B000003 qty=79 @ $100.01 -> accepted (filled=0)
[t=   0.20s] ORDER  SELL id=S000001 qty=85 @ $100.02 -> accepted (filled=79)
[t=   0.20s] TRADE  T00000000 qty=41 @ $100.06 (aggressor=SELL)
[t=   0.20s] TRADE  T00000001 qty=38 @ $100.05 (aggressor=SELL)
[t=   0.40s] ORDER  BUY id=B000004 qty=39 @ $100.02 -> accepted (filled=39)
[t=   0.40s] TRADE  T00000002 qty=39 @ $100.02 (aggressor=BUY)
[t=   0.40s] ORDER  BUY id=B000005 qty=74 @ $100.00 -> accepted (filled=0)
[t=   0.40s] ORDER  SELL id=S000002 qty=93 @ $100.03 -> accepted (filled=0)
[t=   0.40s] ORDER  SELL id=S000003 qty=99 @ $100.01 -> accepted (filled=79)
[t=   0.40s] TRADE  T00000003 qty=79 @ $100.01 (aggressor=SELL)
[t=   0.40s] ORDER  SELL id=S000004 qty=85 @ $99.97 -> accepted (filled=74)
[t=   0.40s] TRADE  T00000004 qty=74 @ $100.00 (aggressor=SELL)
[t=   0.60s] ORDER  BUY id=B000006 qty=10 @ $99.99 -> accepted (filled=10)
[t=   0.60s] TRADE  T00000005 qty=10 @ $99.97 (aggressor=BUY)
[t=   0.60s] ORDER  BUY id=B000007 qty=64 @ $100.00 -> accepted (filled=64)
[t=   0.60s] TRADE  T00000006 qty=64 @ $99.97 (aggressor=BUY)
[t=   0.60s] ORDER  SELL id=S000005 qty=45 @ $99.97 -> accepted (filled=0)
[t=   0.60s] ORDER  SELL id=S000006 qty=53 @ $100.07 -> accepted (filled=0)
[t=   0.80s] ORDER  BUY id=B000008 qty=21 @ $100.10 -> accepted (filled=21)
[t=   0.80s] TRADE  T00000007 qty=21 @ $99.97 (aggressor=BUY)
[t=   0.80s] ORDER  SELL id=S000007 qty=87 @ $100.08 -> accepted (filled=0)
[t=   0.80s] ORDER  SELL id=S000008 qty=43 @ $100.06 -> accepted (filled=0)
[t=   1.00s] ORDER  BUY id=B000009 qty=58 @ $99.99 -> accepted (filled=45)
[t=   1.00s] TRADE  T00000008 qty=45 @ $99.97 (aggressor=BUY)
[t=   1.00s] ORDER  SELL id=S000009 qty=80 @ $99.94 -> accepted (filled=58)
[t=   1.00s] TRADE  T00000009 qty=58 @ $99.99 (aggressor=SELL)
[t=   1.20s] ORDER  BUY id=B000010 qty=56 @ $100.03 -> accepted (filled=56)
[t=   1.20s] TRADE  T00000010 qty=56 @ $99.94 (aggressor=BUY)
[t=   1.20s] ORDER  BUY id=B000011 qty=83 @ $99.94 -> accepted (filled=0)
[t=   1.20s] ORDER  SELL id=S000010 qty=39 @ $100.00 -> accepted (filled=0)
[t=   1.40s] ORDER  BUY id=B000012 qty=20 @ $99.99 -> accepted (filled=0)
[t=   1.40s] ORDER  BUY id=B000013 qty=58 @ $100.06 -> accepted (filled=58)
[t=   1.40s] TRADE  T00000011 qty=39 @ $100.00 (aggressor=BUY)
[t=   1.40s] TRADE  T00000012 qty=19 @ $100.01 (aggressor=BUY)
[t=   1.40s] ORDER  SELL id=S000011 qty=68 @ $99.92 -> accepted (filled=68)
[t=   1.40s] TRADE  T00000013 qty=20 @ $99.99 (aggressor=SELL)
[t=   1.40s] TRADE  T00000014 qty=48 @ $99.94 (aggressor=SELL)
[t=   1.40s] ORDER  SELL id=S000012 qty=57 @ $99.97 -> accepted (filled=0)
[t=   1.60s] ORDER  BUY id=B000014 qty=36 @ $99.96 -> accepted (filled=0)
[t=   1.60s] ORDER  BUY id=B000015 qty=97 @ $99.96 -> accepted (filled=0)
[t=   1.60s] ORDER  SELL id=S000013 qty=19 @ $99.93 -> accepted (filled=19)
[t=   1.60s] TRADE  T00000015 qty=19 @ $99.96 (aggressor=SELL)
[t=   1.60s] ORDER  SELL id=S000014 qty=41 @ $99.98 -> accepted (filled=0)
[t=   1.60s] ORDER  SELL id=S000015 qty=30 @ $99.98 -> accepted (filled=0)
[t=   1.80s] ORDER  BUY id=B000016 qty=91 @ $99.89 -> accepted (filled=0)
[t=   1.80s] ORDER  BUY id=B000017 qty=98 @ $100.10 -> accepted (filled=98)
[t=   1.80s] TRADE  T00000016 qty=57 @ $99.97 (aggressor=BUY)
[t=   1.80s] TRADE  T00000017 qty=41 @ $99.98 (aggressor=BUY)
[t=   1.80s] ORDER  SELL id=S000016 qty=17 @ $100.01 -> accepted (filled=0)
[t=   1.80s] ORDER  SELL id=S000017 qty=39 @ $100.04 -> accepted (filled=0)
[t=   1.80s] ORDER  SELL id=S000018 qty=61 @ $100.04 -> accepted (filled=0)
[t=   2.00s] ORDER  BUY id=B000018 qty=18 @ $99.92 -> accepted (filled=0)
[t=   2.00s] ORDER  BUY id=B000019 qty=50 @ $100.03 -> accepted (filled=50)
[t=   2.00s] TRADE  T00000018 qty=30 @ $99.98 (aggressor=BUY)
[t=   2.00s] TRADE  T00000019 qty=20 @ $100.01 (aggressor=BUY)
[t=   2.00s] ORDER  SELL id=S000019 qty=93 @ $100.12 -> accepted (filled=0)
[t=   2.20s] ORDER  BUY id=B000020 qty=68 @ $99.91 -> accepted (filled=0)
[t=   2.20s] ORDER  BUY id=B000021 qty=28 @ $100.07 -> accepted (filled=28)
[t=   2.20s] TRADE  T00000020 qty=17 @ $100.01 (aggressor=BUY)
[t=   2.20s] TRADE  T00000021 qty=11 @ $100.03 (aggressor=BUY)
[t=   2.20s] ORDER  SELL id=S000020 qty=78 @ $100.05 -> accepted (filled=0)
[t=   2.20s] ORDER  SELL id=S000021 qty=43 @ $100.06 -> accepted (filled=0)
[t=   2.40s] ORDER  BUY id=B000022 qty=61 @ $99.91 -> accepted (filled=0)
[t=   2.40s] ORDER  BUY id=B000023 qty=56 @ $99.95 -> accepted (filled=0)
[t=   2.40s] ORDER  BUY id=B000024 qty=75 @ $100.03 -> accepted (filled=75)
[t=   2.40s] TRADE  T00000022 qty=75 @ $100.03 (aggressor=BUY)
[t=   2.40s] ORDER  SELL id=S000022 qty=21 @ $100.17 -> accepted (filled=0)
[t=   2.40s] ORDER  SELL id=S000023 qty=29 @ $100.00 -> accepted (filled=0)
[t=   2.60s] ORDER  BUY id=B000025 qty=30 @ $99.90 -> accepted (filled=0)
[t=   2.60s] ORDER  BUY id=B000026 qty=18 @ $100.01 -> accepted (filled=18)
[t=   2.60s] TRADE  T00000023 qty=18 @ $100.00 (aggressor=BUY)
[t=   2.60s] ORDER  BUY id=B000027 qty=59 @ $99.95 -> accepted (filled=0)
[t=   2.60s] ORDER  SELL id=S000024 qty=42 @ $99.95 -> accepted (filled=42)
[t=   2.60s] TRADE  T00000024 qty=36 @ $99.96 (aggressor=SELL)
[t=   2.60s] TRADE  T00000025 qty=6 @ $99.96 (aggressor=SELL)
[t=   2.60s] ORDER  SELL id=S000025 qty=80 @ $99.97 -> accepted (filled=0)
[t=   2.80s] ORDER  BUY id=B000028 qty=78 @ $99.99 -> accepted (filled=78)
[t=   2.80s] TRADE  T00000026 qty=78 @ $99.97 (aggressor=BUY)
[t=   2.80s] ORDER  SELL id=S000026 qty=92 @ $99.98 -> accepted (filled=0)
[t=   2.80s] ORDER  SELL id=S000027 qty=30 @ $99.98 -> accepted (filled=0)
[t=   3.00s] ORDER  BUY id=B000029 qty=10 @ $100.04 -> accepted (filled=10)
[t=   3.00s] TRADE  T00000027 qty=10 @ $99.97 (aggressor=BUY)
[t=   3.00s] ORDER  BUY id=B000030 qty=43 @ $100.10 -> accepted (filled=43)
[t=   3.00s] TRADE  T00000028 qty=43 @ $99.98 (aggressor=BUY)
[t=   3.00s] ORDER  SELL id=S000028 qty=32 @ $99.97 -> accepted (filled=0)
[t=   3.00s] ORDER  SELL id=S000029 qty=90 @ $99.98 -> accepted (filled=0)
[t=   3.00s] ORDER  SELL id=S000030 qty=48 @ $100.00 -> accepted (filled=0)
[t=   3.20s] ORDER  BUY id=B000031 qty=57 @ $99.97 -> accepted (filled=32)
[t=   3.20s] TRADE  T00000029 qty=32 @ $99.97 (aggressor=BUY)
[t=   3.20s] ORDER  BUY id=B000032 qty=30 @ $100.00 -> accepted (filled=30)
[t=   3.20s] TRADE  T00000030 qty=30 @ $99.98 (aggressor=BUY)
[t=   3.20s] ORDER  BUY id=B000033 qty=77 @ $99.92 -> accepted (filled=0)
[t=   3.20s] ORDER  SELL id=S000031 qty=86 @ $99.98 -> accepted (filled=0)
[t=   3.40s] ORDER  BUY id=B000034 qty=56 @ $99.98 -> accepted (filled=56)
[t=   3.40s] TRADE  T00000031 qty=56 @ $99.98 (aggressor=BUY)
[t=   3.40s] ORDER  BUY id=B000035 qty=49 @ $100.00 -> accepted (filled=49)
[t=   3.40s] TRADE  T00000032 qty=30 @ $99.98 (aggressor=BUY)
[t=   3.40s] TRADE  T00000033 qty=19 @ $99.98 (aggressor=BUY)
[t=   3.40s] ORDER  SELL id=S000032 qty=20 @ $100.10 -> accepted (filled=0)
[t=   3.60s] ORDER  BUY id=B000036 qty=72 @ $100.04 -> accepted (filled=72)
[t=   3.60s] TRADE  T00000034 qty=72 @ $99.98 (aggressor=BUY)
[t=   3.60s] ORDER  SELL id=S000033 qty=26 @ $100.06 -> accepted (filled=0)
[t=   3.80s] ORDER  BUY id=B000037 qty=94 @ $99.99 -> accepted (filled=86)
[t=   3.80s] TRADE  T00000035 qty=86 @ $99.98 (aggressor=BUY)
[t=   3.80s] ORDER  SELL id=S000034 qty=77 @ $100.03 -> accepted (filled=0)
[t=   3.80s] ORDER  SELL id=S000035 qty=87 @ $99.99 -> accepted (filled=87)
[t=   3.80s] TRADE  T00000036 qty=87 @ $99.99 (aggressor=SELL)
[t=   4.00s] ORDER  BUY id=B000038 qty=98 @ $100.11 -> accepted (filled=98)
[t=   4.00s] TRADE  T00000037 qty=29 @ $100.00 (aggressor=BUY)
[t=   4.00s] TRADE  T00000038 qty=48 @ $100.00 (aggressor=BUY)
[t=   4.00s] TRADE  T00000039 qty=21 @ $100.03 (aggressor=BUY)
[t=   4.00s] ORDER  BUY id=B000039 qty=35 @ $99.97 -> accepted (filled=0)
[t=   4.00s] ORDER  SELL id=S000036 qty=93 @ $99.94 -> accepted (filled=93)
[t=   4.00s] TRADE  T00000040 qty=57 @ $99.97 (aggressor=SELL)
[t=   4.00s] TRADE  T00000041 qty=35 @ $99.97 (aggressor=SELL)
[t=   4.00s] TRADE  T00000042 qty=1 @ $99.96 (aggressor=SELL)
[t=   4.00s] ORDER  SELL id=S000037 qty=57 @ $100.15 -> accepted (filled=0)
[t=   4.00s] ORDER  SELL id=S000038 qty=25 @ $99.94 -> accepted (filled=25)
[t=   4.00s] TRADE  T00000043 qty=25 @ $99.96 (aggressor=SELL)
[t=   4.20s] ORDER  BUY id=B000040 qty=38 @ $100.02 -> accepted (filled=0)
[t=   4.20s] ORDER  SELL id=S000039 qty=39 @ $99.96 -> accepted (filled=39)
[t=   4.20s] TRADE  T00000044 qty=38 @ $100.02 (aggressor=SELL)
[t=   4.20s] TRADE  T00000045 qty=1 @ $99.96 (aggressor=SELL)
[t=   4.40s] ORDER  BUY id=B000041 qty=38 @ $100.06 -> accepted (filled=38)
[t=   4.40s] TRADE  T00000046 qty=38 @ $100.03 (aggressor=BUY)
[t=   4.40s] ORDER  BUY id=B000042 qty=17 @ $100.08 -> accepted (filled=17)
[t=   4.40s] TRADE  T00000047 qty=17 @ $100.03 (aggressor=BUY)
[t=   4.40s] ORDER  BUY id=B000043 qty=39 @ $100.00 -> accepted (filled=0)
[t=   4.40s] ORDER  SELL id=S000040 qty=19 @ $100.08 -> accepted (filled=0)
[t=   4.60s] ORDER  BUY id=B000044 qty=40 @ $99.94 -> accepted (filled=0)
[t=   4.60s] ORDER  BUY id=B000045 qty=79 @ $99.99 -> accepted (filled=0)
[t=   4.60s] ORDER  BUY id=B000046 qty=26 @ $100.06 -> accepted (filled=26)
[t=   4.60s] TRADE  T00000048 qty=26 @ $100.03 (aggressor=BUY)
[t=   4.60s] ORDER  SELL id=S000041 qty=70 @ $100.06 -> accepted (filled=0)
[t=   4.60s] ORDER  SELL id=S000042 qty=41 @ $99.97 -> accepted (filled=41)
[t=   4.60s] TRADE  T00000049 qty=39 @ $100.00 (aggressor=SELL)
[t=   4.60s] TRADE  T00000050 qty=2 @ $99.99 (aggressor=SELL)
[t=   4.60s] ORDER  SELL id=S000043 qty=34 @ $100.02 -> accepted (filled=0)
[t=   4.80s] ORDER  BUY id=B000047 qty=22 @ $99.91 -> accepted (filled=0)
[t=   4.80s] ORDER  SELL id=S000044 qty=69 @ $99.95 -> accepted (filled=69)
[t=   4.80s] TRADE  T00000051 qty=69 @ $99.99 (aggressor=SELL)
[t=   4.80s] ORDER  SELL id=S000045 qty=16 @ $100.02 -> accepted (filled=0)
[t=   4.80s] ORDER  SELL id=S000046 qty=22 @ $99.93 -> accepted (filled=22)
[t=   4.80s] TRADE  T00000052 qty=22 @ $99.99 (aggressor=SELL)
[t=   5.00s] ORDER  BUY id=B000048 qty=61 @ $99.87 -> accepted (filled=0)
[t=   5.00s] ORDER  SELL id=S000047 qty=41 @ $99.95 -> accepted (filled=41)
[t=   5.00s] TRADE  T00000053 qty=41 @ $99.96 (aggressor=SELL)
[t=   5.00s] ORDER  SELL id=S000048 qty=34 @ $100.08 -> accepted (filled=0)
[t=   5.00s] ORDER  SELL id=S000049 qty=64 @ $100.02 -> accepted (filled=0)
[t=   5.20s] ORDER  BUY id=B000049 qty=45 @ $100.05 -> accepted (filled=45)
[t=   5.20s] TRADE  T00000054 qty=34 @ $100.02 (aggressor=BUY)
[t=   5.20s] TRADE  T00000055 qty=11 @ $100.02 (aggressor=BUY)
[t=   5.20s] ORDER  SELL id=S000050 qty=66 @ $100.00 -> accepted (filled=0)
[t=   5.20s] ORDER  SELL id=S000051 qty=80 @ $100.11 -> accepted (filled=0)
[t=   5.40s] ORDER  BUY id=B000050 qty=11 @ $100.18 -> accepted (filled=11)
[t=   5.40s] TRADE  T00000056 qty=11 @ $100.00 (aggressor=BUY)
[t=   5.40s] ORDER  SELL id=S000052 qty=40 @ $100.06 -> accepted (filled=0)
[t=   5.60s] ORDER  BUY id=B000051 qty=61 @ $99.95 -> accepted (filled=0)
[t=   5.60s] ORDER  SELL id=S000053 qty=31 @ $100.03 -> accepted (filled=0)
[t=   5.80s] ORDER  BUY id=B000052 qty=68 @ $100.05 -> accepted (filled=68)
[t=   5.80s] TRADE  T00000057 qty=66 @ $100.00 (aggressor=BUY)
[t=   5.80s] TRADE  T00000058 qty=2 @ $100.02 (aggressor=BUY)
[t=   5.80s] ORDER  BUY id=B000053 qty=46 @ $100.00 -> accepted (filled=0)
[t=   5.80s] ORDER  SELL id=S000054 qty=81 @ $99.97 -> accepted (filled=46)
[t=   5.80s] TRADE  T00000059 qty=46 @ $100.00 (aggressor=SELL)
[t=   5.80s] ORDER  SELL id=S000055 qty=94 @ $99.92 -> accepted (filled=94)
[t=   5.80s] TRADE  T00000060 qty=94 @ $99.96 (aggressor=SELL)
[t=   6.00s] ORDER  BUY id=B000054 qty=37 @ $99.97 -> accepted (filled=37)
[t=   6.00s] TRADE  T00000061 qty=37 @ $99.97 (aggressor=BUY)
[t=   6.00s] ORDER  BUY id=B000055 qty=17 @ $100.00 -> accepted (filled=0)
[t=   6.00s] ORDER  BUY id=B000056 qty=50 @ $99.95 -> accepted (filled=0)
[t=   6.00s] ORDER  SELL id=S000056 qty=16 @ $99.97 -> accepted (filled=16)
[t=   6.00s] TRADE  T00000062 qty=16 @ $100.00 (aggressor=SELL)
[t=   6.20s] ORDER  BUY id=B000057 qty=77 @ $99.89 -> accepted (filled=0)
[t=   6.20s] ORDER  BUY id=B000058 qty=30 @ $100.02 -> accepted (filled=30)
[t=   6.20s] TRADE  T00000063 qty=16 @ $100.02 (aggressor=BUY)
[t=   6.20s] TRADE  T00000064 qty=14 @ $100.02 (aggressor=BUY)
[t=   6.20s] ORDER  BUY id=B000059 qty=33 @ $100.06 -> accepted (filled=33)
[t=   6.20s] TRADE  T00000065 qty=33 @ $100.02 (aggressor=BUY)
[t=   6.20s] ORDER  SELL id=S000057 qty=86 @ $100.02 -> accepted (filled=0)
[t=   6.40s] ORDER  BUY id=B000060 qty=25 @ $99.98 -> accepted (filled=0)
[t=   6.40s] ORDER  SELL id=S000058 qty=41 @ $99.97 -> accepted (filled=41)
[t=   6.40s] TRADE  T00000066 qty=17 @ $100.00 (aggressor=SELL)
[t=   6.40s] TRADE  T00000067 qty=24 @ $99.98 (aggressor=SELL)
[t=   6.40s] ORDER  SELL id=S000059 qty=20 @ $99.99 -> accepted (filled=0)
[t=   6.40s] ORDER  SELL id=S000060 qty=63 @ $99.99 -> accepted (filled=0)
[t=   6.60s] ORDER  BUY id=B000061 qty=43 @ $99.95 -> accepted (filled=0)
[t=   6.60s] ORDER  BUY id=B000062 qty=36 @ $99.97 -> accepted (filled=0)
[t=   6.60s] ORDER  BUY id=B000063 qty=43 @ $99.98 -> accepted (filled=0)
[t=   6.60s] ORDER  SELL id=S000061 qty=26 @ $99.96 -> accepted (filled=26)
[t=   6.60s] TRADE  T00000068 qty=25 @ $99.98 (aggressor=SELL)
[t=   6.60s] TRADE  T00000069 qty=1 @ $99.98 (aggressor=SELL)
[t=   6.60s] ORDER  SELL id=S000062 qty=50 @ $99.98 -> accepted (filled=43)
[t=   6.60s] TRADE  T00000070 qty=43 @ $99.98 (aggressor=SELL)
[t=   6.80s] ORDER  BUY id=B000064 qty=11 @ $99.96 -> accepted (filled=0)
[t=   6.80s] ORDER  SELL id=S000063 qty=22 @ $99.95 -> accepted (filled=22)
[t=   6.80s] TRADE  T00000071 qty=22 @ $99.97 (aggressor=SELL)
[t=   6.80s] ORDER  SELL id=S000064 qty=19 @ $99.96 -> accepted (filled=19)
[t=   6.80s] TRADE  T00000072 qty=19 @ $99.97 (aggressor=SELL)
[t=   7.00s] ORDER  BUY id=B000065 qty=54 @ $100.01 -> accepted (filled=54)
[t=   7.00s] TRADE  T00000073 qty=50 @ $99.98 (aggressor=BUY)
[t=   7.00s] TRADE  T00000074 qty=4 @ $99.99 (aggressor=BUY)
[t=   7.00s] ORDER  BUY id=B000066 qty=18 @ $100.04 -> accepted (filled=18)
[t=   7.00s] TRADE  T00000075 qty=18 @ $99.99 (aggressor=BUY)
[t=   7.00s] ORDER  BUY id=B000067 qty=30 @ $100.03 -> accepted (filled=30)
[t=   7.00s] TRADE  T00000076 qty=30 @ $99.99 (aggressor=BUY)
[t=   7.00s] ORDER  SELL id=S000065 qty=79 @ $99.97 -> accepted (filled=0)
[t=   7.00s] ORDER  SELL id=S000066 qty=93 @ $99.98 -> accepted (filled=0)
[t=   7.20s] ORDER  BUY id=B000068 qty=11 @ $99.93 -> accepted (filled=0)
[t=   7.20s] ORDER  BUY id=B000069 qty=94 @ $99.97 -> accepted (filled=79)
[t=   7.20s] TRADE  T00000077 qty=79 @ $99.97 (aggressor=BUY)
[t=   7.20s] ORDER  BUY id=B000070 qty=23 @ $99.94 -> accepted (filled=0)
[t=   7.20s] ORDER  SELL id=S000067 qty=80 @ $99.99 -> accepted (filled=0)
[t=   7.40s] ORDER  BUY id=B000071 qty=44 @ $100.10 -> accepted (filled=44)
[t=   7.40s] TRADE  T00000078 qty=44 @ $99.98 (aggressor=BUY)
[t=   7.40s] ORDER  SELL id=S000068 qty=36 @ $99.94 -> accepted (filled=36)
[t=   7.40s] TRADE  T00000079 qty=36 @ $99.97 (aggressor=SELL)
[t=   7.40s] ORDER  SELL id=S000069 qty=97 @ $99.95 -> accepted (filled=97)
[t=   7.40s] TRADE  T00000080 qty=11 @ $99.96 (aggressor=SELL)
[t=   7.40s] TRADE  T00000081 qty=56 @ $99.95 (aggressor=SELL)
[t=   7.40s] TRADE  T00000082 qty=30 @ $99.95 (aggressor=SELL)
[t=   7.60s] ORDER  BUY id=B000072 qty=42 @ $100.04 -> accepted (filled=42)
[t=   7.60s] TRADE  T00000083 qty=42 @ $99.98 (aggressor=BUY)
[t=   7.60s] ORDER  BUY id=B000073 qty=16 @ $99.95 -> accepted (filled=0)
[t=   7.60s] ORDER  BUY id=B000074 qty=45 @ $100.04 -> accepted (filled=45)
[t=   7.60s] TRADE  T00000084 qty=45 @ $99.98 (aggressor=BUY)
[t=   7.60s] ORDER  SELL id=S000070 qty=10 @ $100.03 -> accepted (filled=0)
[t=   7.80s] ORDER  BUY id=B000075 qty=43 @ $100.01 -> accepted (filled=43)
[t=   7.80s] TRADE  T00000085 qty=43 @ $99.99 (aggressor=BUY)
[t=   7.80s] ORDER  BUY id=B000076 qty=30 @ $99.93 -> accepted (filled=0)
[t=   7.80s] ORDER  SELL id=S000071 qty=81 @ $99.93 -> accepted (filled=81)
[t=   7.80s] TRADE  T00000086 qty=59 @ $99.95 (aggressor=SELL)
[t=   7.80s] TRADE  T00000087 qty=22 @ $99.95 (aggressor=SELL)
[t=   7.80s] ORDER  SELL id=S000072 qty=11 @ $100.03 -> accepted (filled=0)
[t=   7.80s] ORDER  SELL id=S000073 qty=98 @ $100.09 -> accepted (filled=0)
[t=   8.00s] ORDER  BUY id=B000077 qty=79 @ $100.08 -> accepted (filled=79)
[t=   8.00s] TRADE  T00000088 qty=79 @ $99.99 (aggressor=BUY)
[t=   8.00s] ORDER  SELL id=S000074 qty=28 @ $100.03 -> accepted (filled=0)
[t=   8.20s] ORDER  BUY id=B000078 qty=26 @ $99.94 -> accepted (filled=0)
[t=   8.20s] ORDER  BUY id=B000079 qty=15 @ $100.05 -> accepted (filled=15)
[t=   8.20s] TRADE  T00000089 qty=15 @ $99.99 (aggressor=BUY)
[t=   8.20s] ORDER  SELL id=S000075 qty=36 @ $100.01 -> accepted (filled=0)
[t=   8.20s] ORDER  SELL id=S000076 qty=55 @ $99.97 -> accepted (filled=0)
[t=   8.40s] ORDER  BUY id=B000080 qty=62 @ $99.93 -> accepted (filled=0)
[t=   8.40s] ORDER  BUY id=B000081 qty=40 @ $100.08 -> accepted (filled=40)
[t=   8.40s] TRADE  T00000090 qty=40 @ $99.97 (aggressor=BUY)
[t=   8.40s] ORDER  BUY id=B000082 qty=30 @ $99.99 -> accepted (filled=30)
[t=   8.40s] TRADE  T00000091 qty=30 @ $99.97 (aggressor=BUY)
[t=   8.40s] ORDER  SELL id=S000077 qty=52 @ $100.01 -> accepted (filled=0)
[t=   8.60s] ORDER  BUY id=B000083 qty=95 @ $99.99 -> accepted (filled=0)
[t=   8.60s] ORDER  BUY id=B000084 qty=44 @ $100.06 -> accepted (filled=44)
[t=   8.60s] TRADE  T00000092 qty=36 @ $100.01 (aggressor=BUY)
[t=   8.60s] TRADE  T00000093 qty=8 @ $100.01 (aggressor=BUY)
[t=   8.60s] ORDER  SELL id=S000078 qty=99 @ $99.93 -> accepted (filled=99)
[t=   8.60s] TRADE  T00000094 qty=95 @ $99.99 (aggressor=SELL)
[t=   8.60s] TRADE  T00000095 qty=4 @ $99.95 (aggressor=SELL)
[t=   8.80s] ORDER  BUY id=B000085 qty=70 @ $99.99 -> accepted (filled=0)
[t=   8.80s] ORDER  SELL id=S000079 qty=35 @ $100.01 -> accepted (filled=0)
[t=   9.00s] ORDER  BUY id=B000086 qty=39 @ $99.95 -> accepted (filled=0)
[t=   9.00s] ORDER  BUY id=B000087 qty=38 @ $100.08 -> accepted (filled=38)
[t=   9.00s] TRADE  T00000096 qty=38 @ $100.01 (aggressor=BUY)
[t=   9.00s] ORDER  SELL id=S000080 qty=45 @ $99.97 -> accepted (filled=45)
[t=   9.00s] TRADE  T00000097 qty=45 @ $99.99 (aggressor=SELL)
[t=   9.20s] ORDER  BUY id=B000088 qty=45 @ $99.96 -> accepted (filled=0)
[t=   9.20s] ORDER  SELL id=S000081 qty=78 @ $99.97 -> accepted (filled=70)
[t=   9.20s] TRADE  T00000098 qty=70 @ $99.99 (aggressor=SELL)
[t=   9.20s] ORDER  SELL id=S000082 qty=52 @ $99.96 -> accepted (filled=45)
[t=   9.20s] TRADE  T00000099 qty=45 @ $99.96 (aggressor=SELL)
[t=   9.40s] ORDER  BUY id=B000089 qty=32 @ $100.10 -> accepted (filled=32)
[t=   9.40s] TRADE  T00000100 qty=32 @ $99.96 (aggressor=BUY)
[t=   9.40s] ORDER  SELL id=S000083 qty=43 @ $100.09 -> accepted (filled=0)
[t=   9.40s] ORDER  SELL id=S000084 qty=54 @ $100.07 -> accepted (filled=0)
[t=   9.40s] ORDER  SELL id=S000085 qty=50 @ $100.02 -> accepted (filled=0)
[t=   9.60s] ORDER  BUY id=B000090 qty=59 @ $99.95 -> accepted (filled=0)
[t=   9.60s] ORDER  BUY id=B000091 qty=83 @ $99.96 -> accepted (filled=0)
[t=   9.60s] ORDER  SELL id=S000086 qty=10 @ $100.00 -> accepted (filled=0)
[t=   9.80s] ORDER  BUY id=B000092 qty=78 @ $100.08 -> accepted (filled=78)
[t=   9.80s] TRADE  T00000101 qty=78 @ $99.97 (aggressor=BUY)
[t=   9.80s] ORDER  BUY id=B000093 qty=95 @ $99.95 -> accepted (filled=0)
[t=   9.80s] ORDER  BUY id=B000094 qty=35 @ $99.89 -> accepted (filled=0)
[t=   9.80s] ORDER  SELL id=S000087 qty=52 @ $99.89 -> accepted (filled=52)
[t=   9.80s] TRADE  T00000102 qty=52 @ $99.96 (aggressor=SELL)
[t=   9.80s] ORDER  SELL id=S000088 qty=89 @ $100.05 -> accepted (filled=0)
[t=  10.00s] ORDER  BUY id=B000095 qty=48 @ $99.99 -> accepted (filled=0)
[t=  10.00s] ORDER  BUY id=B000096 qty=74 @ $99.98 -> accepted (filled=0)
[t=  10.00s] ORDER  SELL id=S000089 qty=99 @ $99.98 -> accepted (filled=99)
[t=  10.00s] TRADE  T00000103 qty=48 @ $99.99 (aggressor=SELL)
[t=  10.00s] TRADE  T00000104 qty=51 @ $99.98 (aggressor=SELL)
[t=  10.00s] ORDER  SELL id=S000090 qty=47 @ $99.96 -> accepted (filled=47)
[t=  10.00s] TRADE  T00000105 qty=47 @ $99.98 (aggressor=SELL)
[t=  10.20s] ORDER  BUY id=B000097 qty=58 @ $100.04 -> accepted (filled=58)
[t=  10.20s] TRADE  T00000106 qty=10 @ $100.00 (aggressor=BUY)
[t=  10.20s] TRADE  T00000107 qty=48 @ $100.01 (aggressor=BUY)
[t=  10.20s] ORDER  BUY id=B000098 qty=96 @ $100.04 -> accepted (filled=96)
[t=  10.20s] TRADE  T00000108 qty=35 @ $100.01 (aggressor=BUY)
[t=  10.20s] TRADE  T00000109 qty=61 @ $100.02 (aggressor=BUY)
[t=  10.20s] ORDER  BUY id=B000099 qty=82 @ $100.00 -> accepted (filled=0)
[t=  10.20s] ORDER  SELL id=S000091 qty=61 @ $99.97 -> accepted (filled=61)
[t=  10.20s] TRADE  T00000110 qty=61 @ $100.00 (aggressor=SELL)
[t=  10.20s] ORDER  SELL id=S000092 qty=46 @ $100.00 -> accepted (filled=46)
[t=  10.20s] TRADE  T00000111 qty=46 @ $100.00 (aggressor=SELL)
[t=  10.40s] ORDER  BUY id=B000100 qty=65 @ $100.00 -> accepted (filled=0)
[t=  10.40s] ORDER  SELL id=S000093 qty=66 @ $99.97 -> accepted (filled=65)
[t=  10.40s] TRADE  T00000112 qty=65 @ $100.00 (aggressor=SELL)
[t=  10.40s] ORDER  SELL id=S000094 qty=66 @ $99.97 -> accepted (filled=0)
[t=  10.40s] ORDER  SELL id=S000095 qty=31 @ $99.97 -> accepted (filled=0)
[t=  10.60s] ORDER  BUY id=B000101 qty=20 @ $99.95 -> accepted (filled=0)
[t=  10.60s] ORDER  BUY id=B000102 qty=89 @ $99.98 -> accepted (filled=89)
[t=  10.60s] TRADE  T00000113 qty=66 @ $99.97 (aggressor=BUY)
[t=  10.60s] TRADE  T00000114 qty=23 @ $99.97 (aggressor=BUY)
[t=  10.60s] ORDER  BUY id=B000103 qty=52 @ $100.07 -> accepted (filled=52)
[t=  10.60s] TRADE  T00000115 qty=52 @ $99.97 (aggressor=BUY)
[t=  10.60s] ORDER  SELL id=S000096 qty=96 @ $100.03 -> accepted (filled=0)
[t=  10.80s] ORDER  BUY id=B000104 qty=38 @ $99.92 -> accepted (filled=0)
[t=  10.80s] ORDER  BUY id=B000105 qty=15 @ $100.01 -> accepted (filled=15)
[t=  10.80s] TRADE  T00000116 qty=15 @ $99.97 (aggressor=BUY)
[t=  10.80s] ORDER  SELL id=S000097 qty=70 @ $99.97 -> accepted (filled=0)
[t=  11.00s] ORDER  BUY id=B000106 qty=63 @ $100.01 -> accepted (filled=63)
[t=  11.00s] TRADE  T00000117 qty=31 @ $99.97 (aggressor=BUY)
[t=  11.00s] TRADE  T00000118 qty=32 @ $99.97 (aggressor=BUY)
[t=  11.00s] ORDER  BUY id=B000107 qty=90 @ $99.98 -> accepted (filled=70)
[t=  11.00s] TRADE  T00000119 qty=70 @ $99.97 (aggressor=BUY)
[t=  11.00s] ORDER  BUY id=B000108 qty=59 @ $99.93 -> accepted (filled=0)
[t=  11.00s] ORDER  SELL id=S000098 qty=61 @ $99.96 -> accepted (filled=61)
[t=  11.00s] TRADE  T00000120 qty=61 @ $99.98 (aggressor=SELL)
[t=  11.00s] ORDER  SELL id=S000099 qty=10 @ $100.00 -> accepted (filled=0)
[t=  11.20s] ORDER  BUY id=B000109 qty=64 @ $100.07 -> accepted (filled=64)
[t=  11.20s] TRADE  T00000121 qty=10 @ $100.00 (aggressor=BUY)
[t=  11.20s] TRADE  T00000122 qty=54 @ $100.02 (aggressor=BUY)
[t=  11.20s] ORDER  SELL id=S000100 qty=76 @ $100.06 -> accepted (filled=0)
[t=  11.40s] ORDER  BUY id=B000110 qty=16 @ $100.11 -> accepted (filled=16)
[t=  11.40s] TRADE  T00000123 qty=16 @ $100.02 (aggressor=BUY)
[t=  11.40s] ORDER  BUY id=B000111 qty=25 @ $99.90 -> accepted (filled=0)
[t=  11.40s] ORDER  SELL id=S000101 qty=27 @ $99.96 -> accepted (filled=27)
[t=  11.40s] TRADE  T00000124 qty=27 @ $99.96 (aggressor=SELL)
[t=  11.40s] ORDER  SELL id=S000102 qty=81 @ $100.02 -> accepted (filled=0)
[t=  11.60s] ORDER  BUY id=B000112 qty=50 @ $99.93 -> accepted (filled=0)
[t=  11.60s] ORDER  BUY id=B000113 qty=88 @ $100.10 -> accepted (filled=88)
[t=  11.60s] TRADE  T00000125 qty=86 @ $100.02 (aggressor=BUY)
[t=  11.60s] TRADE  T00000126 qty=2 @ $100.02 (aggressor=BUY)
[t=  11.60s] ORDER  BUY id=B000114 qty=74 @ $99.97 -> accepted (filled=0)
[t=  11.60s] ORDER  SELL id=S000103 qty=30 @ $100.03 -> accepted (filled=0)
[t=  11.60s] ORDER  SELL id=S000104 qty=70 @ $99.94 -> accepted (filled=70)
[t=  11.60s] TRADE  T00000127 qty=70 @ $99.97 (aggressor=SELL)
[t=  11.80s] ORDER  BUY id=B000115 qty=91 @ $100.00 -> accepted (filled=0)
[t=  11.80s] ORDER  BUY id=B000116 qty=45 @ $100.04 -> accepted (filled=45)
[t=  11.80s] TRADE  T00000128 qty=45 @ $100.02 (aggressor=BUY)
[t=  11.80s] ORDER  SELL id=S000105 qty=66 @ $99.96 -> accepted (filled=66)
[t=  11.80s] TRADE  T00000129 qty=66 @ $100.00 (aggressor=SELL)
[t=  11.80s] ORDER  SELL id=S000106 qty=19 @ $100.00 -> accepted (filled=19)
[t=  11.80s] TRADE  T00000130 qty=19 @ $100.00 (aggressor=SELL)
[t=  11.80s] ORDER  SELL id=S000107 qty=52 @ $99.99 -> accepted (filled=52)
[t=  11.80s] TRADE  T00000131 qty=52 @ $100.00 (aggressor=SELL)
[t=  12.00s] ORDER  BUY id=B000117 qty=79 @ $99.96 -> accepted (filled=0)
[t=  12.00s] ORDER  BUY id=B000118 qty=59 @ $100.03 -> accepted (filled=59)
[t=  12.00s] TRADE  T00000132 qty=50 @ $100.02 (aggressor=BUY)
[t=  12.00s] TRADE  T00000133 qty=9 @ $100.02 (aggressor=BUY)
[t=  12.00s] ORDER  SELL id=S000108 qty=29 @ $100.01 -> accepted (filled=0)
[t=  12.00s] ORDER  SELL id=S000109 qty=62 @ $100.00 -> accepted (filled=0)
[t=  12.00s] ORDER  SELL id=S000110 qty=52 @ $99.98 -> accepted (filled=0)
[t=  12.20s] ORDER  BUY id=B000119 qty=63 @ $99.98 -> accepted (filled=52)
[t=  12.20s] TRADE  T00000134 qty=52 @ $99.98 (aggressor=BUY)
[t=  12.20s] ORDER  BUY id=B000120 qty=59 @ $100.00 -> accepted (filled=59)
[t=  12.20s] TRADE  T00000135 qty=59 @ $100.00 (aggressor=BUY)
[t=  12.20s] ORDER  BUY id=B000121 qty=99 @ $100.05 -> accepted (filled=99)
[t=  12.20s] TRADE  T00000136 qty=62 @ $100.00 (aggressor=BUY)
[t=  12.20s] TRADE  T00000137 qty=29 @ $100.01 (aggressor=BUY)
[t=  12.20s] TRADE  T00000138 qty=8 @ $100.02 (aggressor=BUY)
[t=  12.20s] ORDER  SELL id=S000111 qty=83 @ $99.96 -> accepted (filled=83)
[t=  12.20s] TRADE  T00000139 qty=63 @ $99.98 (aggressor=SELL)
[t=  12.20s] TRADE  T00000140 qty=20 @ $99.97 (aggressor=SELL)
[t=  12.40s] ORDER  BUY id=B000122 qty=48 @ $99.88 -> accepted (filled=0)
[t=  12.40s] ORDER  BUY id=B000123 qty=59 @ $100.02 -> accepted (filled=59)
[t=  12.40s] TRADE  T00000141 qty=59 @ $100.02 (aggressor=BUY)
[t=  12.40s] ORDER  SELL id=S000112 qty=87 @ $99.92 -> accepted (filled=87)
[t=  12.40s] TRADE  T00000142 qty=83 @ $99.96 (aggressor=SELL)
[t=  12.40s] TRADE  T00000143 qty=4 @ $99.96 (aggressor=SELL)
[t=  12.40s] ORDER  SELL id=S000113 qty=38 @ $99.98 -> accepted (filled=0)
[t=  12.60s] ORDER  BUY id=B000124 qty=13 @ $100.01 -> accepted (filled=13)
[t=  12.60s] TRADE  T00000144 qty=13 @ $99.98 (aggressor=BUY)
[t=  12.60s] ORDER  BUY id=B000125 qty=59 @ $100.05 -> accepted (filled=59)
[t=  12.60s] TRADE  T00000145 qty=38 @ $99.98 (aggressor=BUY)
[t=  12.60s] TRADE  T00000146 qty=21 @ $100.02 (aggressor=BUY)
[t=  12.60s] ORDER  SELL id=S000114 qty=31 @ $99.96 -> accepted (filled=31)
[t=  12.60s] TRADE  T00000147 qty=31 @ $99.96 (aggressor=SELL)
[t=  12.60s] ORDER  SELL id=S000115 qty=69 @ $99.92 -> accepted (filled=69)
[t=  12.60s] TRADE  T00000148 qty=69 @ $99.96 (aggressor=SELL)
[t=  12.80s] ORDER  BUY id=B000126 qty=60 @ $100.06 -> accepted (filled=60)
[t=  12.80s] TRADE  T00000149 qty=31 @ $100.03 (aggressor=BUY)
[t=  12.80s] TRADE  T00000150 qty=10 @ $100.03 (aggressor=BUY)
[t=  12.80s] TRADE  T00000151 qty=11 @ $100.03 (aggressor=BUY)
[t=  12.80s] TRADE  T00000152 qty=8 @ $100.03 (aggressor=BUY)
[t=  12.80s] ORDER  SELL id=S000116 qty=82 @ $99.99 -> accepted (filled=0)
[t=  12.80s] ORDER  SELL id=S000117 qty=64 @ $99.99 -> accepted (filled=0)
[t=  12.80s] ORDER  SELL id=S000118 qty=27 @ $99.98 -> accepted (filled=0)
[t=  13.00s] ORDER  BUY id=B000127 qty=51 @ $100.02 -> accepted (filled=51)
[t=  13.00s] TRADE  T00000153 qty=27 @ $99.98 (aggressor=BUY)
[t=  13.00s] TRADE  T00000154 qty=24 @ $99.99 (aggressor=BUY)
[t=  13.00s] ORDER  BUY id=B000128 qty=37 @ $100.04 -> accepted (filled=37)
[t=  13.00s] TRADE  T00000155 qty=37 @ $99.99 (aggressor=BUY)
[t=  13.00s] ORDER  SELL id=S000119 qty=58 @ $99.96 -> accepted (filled=0)
[t=  13.00s] ORDER  SELL id=S000120 qty=45 @ $100.07 -> accepted (filled=0)
[t=  13.20s] ORDER  BUY id=B000129 qty=12 @ $100.00 -> accepted (filled=12)
[t=  13.20s] TRADE  T00000156 qty=12 @ $99.96 (aggressor=BUY)
[t=  13.20s] ORDER  BUY id=B000130 qty=79 @ $100.02 -> accepted (filled=79)
[t=  13.20s] TRADE  T00000157 qty=58 @ $99.96 (aggressor=BUY)
[t=  13.20s] TRADE  T00000158 qty=21 @ $99.99 (aggressor=BUY)
[t=  13.20s] ORDER  SELL id=S000121 qty=93 @ $100.05 -> accepted (filled=0)
[t=  13.40s] ORDER  BUY id=B000131 qty=93 @ $100.00 -> accepted (filled=64)
[t=  13.40s] TRADE  T00000159 qty=64 @ $99.99 (aggressor=BUY)
[t=  13.40s] ORDER  SELL id=S000122 qty=35 @ $100.00 -> accepted (filled=35)
[t=  13.40s] TRADE  T00000160 qty=35 @ $100.00 (aggressor=SELL)
[t=  13.60s] ORDER  BUY id=B000132 qty=89 @ $99.88 -> accepted (filled=0)
[t=  13.60s] ORDER  SELL id=S000123 qty=24 @ $100.00 -> accepted (filled=0)
[t=  13.80s] ORDER  BUY id=B000133 qty=37 @ $100.06 -> accepted (filled=37)
[t=  13.80s] TRADE  T00000161 qty=24 @ $100.00 (aggressor=BUY)
[t=  13.80s] TRADE  T00000162 qty=13 @ $100.03 (aggressor=BUY)
[t=  13.80s] ORDER  BUY id=B000134 qty=57 @ $99.96 -> accepted (filled=0)
[t=  13.80s] ORDER  BUY id=B000135 qty=31 @ $100.01 -> accepted (filled=0)
[t=  13.80s] ORDER  SELL id=S000124 qty=24 @ $99.94 -> accepted (filled=24)
[t=  13.80s] TRADE  T00000163 qty=24 @ $100.01 (aggressor=SELL)
[t=  13.80s] ORDER  SELL id=S000125 qty=30 @ $99.95 -> accepted (filled=30)
[t=  13.80s] TRADE  T00000164 qty=30 @ $100.01 (aggressor=SELL)
[t=  13.80s] ORDER  SELL id=S000126 qty=13 @ $100.02 -> accepted (filled=0)
[t=  14.00s] ORDER  BUY id=B000136 qty=83 @ $99.99 -> accepted (filled=0)
[t=  14.00s] ORDER  BUY id=B000137 qty=60 @ $99.94 -> accepted (filled=0)
[t=  14.00s] ORDER  SELL id=S000127 qty=35 @ $99.89 -> accepted (filled=35)
[t=  14.00s] TRADE  T00000165 qty=35 @ $99.99 (aggressor=SELL)
[t=  14.00s] ORDER  SELL id=S000128 qty=90 @ $100.07 -> accepted (filled=0)
[t=  14.00s] ORDER  SELL id=S000129 qty=41 @ $100.04 -> accepted (filled=0)
[t=  14.20s] ORDER  BUY id=B000138 qty=97 @ $99.99 -> accepted (filled=0)
[t=  14.20s] ORDER  SELL id=S000130 qty=25 @ $99.96 -> accepted (filled=25)
[t=  14.20s] TRADE  T00000166 qty=25 @ $99.99 (aggressor=SELL)
[t=  14.20s] ORDER  SELL id=S000131 qty=15 @ $100.02 -> accepted (filled=0)
[t=  14.20s] ORDER  SELL id=S000132 qty=54 @ $99.94 -> accepted (filled=54)
[t=  14.20s] TRADE  T00000167 qty=54 @ $99.99 (aggressor=SELL)
[t=  14.40s] ORDER  BUY id=B000139 qty=74 @ $99.96 -> accepted (filled=0)
[t=  14.40s] ORDER  BUY id=B000140 qty=92 @ $100.02 -> accepted (filled=28)
[t=  14.40s] TRADE  T00000168 qty=13 @ $100.02 (aggressor=BUY)
[t=  14.40s] TRADE  T00000169 qty=15 @ $100.02 (aggressor=BUY)
[t=  14.40s] ORDER  BUY id=B000141 qty=72 @ $99.95 -> accepted (filled=0)
[t=  14.40s] ORDER  SELL id=S000133 qty=65 @ $100.08 -> accepted (filled=0)
[t=  14.60s] ORDER  BUY id=B000142 qty=100 @ $99.94 -> accepted (filled=0)
[t=  14.60s] ORDER  BUY id=B000143 qty=29 @ $99.93 -> accepted (filled=0)
[t=  14.60s] ORDER  SELL id=S000134 qty=93 @ $100.03 -> accepted (filled=0)
[t=  14.60s] ORDER  SELL id=S000135 qty=44 @ $100.05 -> accepted (filled=0)
[t=  14.80s] ORDER  BUY id=B000144 qty=71 @ $100.02 -> accepted (filled=0)
[t=  14.80s] ORDER  BUY id=B000145 qty=69 @ $99.94 -> accepted (filled=0)
[t=  14.80s] ORDER  BUY id=B000146 qty=44 @ $99.93 -> accepted (filled=0)
[t=  14.80s] ORDER  SELL id=S000136 qty=41 @ $100.03 -> accepted (filled=0)
[t=  14.80s] ORDER  SELL id=S000137 qty=67 @ $100.01 -> accepted (filled=67)
[t=  14.80s] TRADE  T00000170 qty=67 @ $100.02 (aggressor=SELL)
[t=  15.00s] ORDER  BUY id=B000147 qty=69 @ $99.98 -> accepted (filled=0)
[t=  15.00s] ORDER  SELL id=S000138 qty=13 @ $99.96 -> accepted (filled=13)
[t=  15.00s] TRADE  T00000171 qty=13 @ $100.02 (aggressor=SELL)
[t=  15.00s] ORDER  SELL id=S000139 qty=73 @ $99.97 -> accepted (filled=73)
[t=  15.00s] TRADE  T00000172 qty=71 @ $100.02 (aggressor=SELL)
[t=  15.00s] TRADE  T00000173 qty=2 @ $99.99 (aggressor=SELL)
[t=  15.00s] ORDER  SELL id=S000140 qty=37 @ $100.02 -> accepted (filled=0)

=== Done === orders=287 trades=174 volume=6463 | best_bid=99.99000000000001 best_ask=100.02
Log file: /Users/varunrao/extracurriculars/apexfund/iceberg-detection/run_15s.log
